k-origins=full --max-threads=1024 >> helgrind_app_run_256T.log
==10037== Memcheck, a memory error detector
==10037== Copyright (C) 2002-2017, and GNU GPL'd, by Julian Seward et al.
==10037== Using Valgrind-3.13.0 and LibVEX; rerun with -h for copyright info
==10037== Command: ./app --tool=helgrind --track-origins=full --max-threads=1024
==10037==
==10037== error calling PR_SET_PTRACER, vgdb might block
Hello World::Helgrind Test
Creating Threads
Calling API CREATE on slot #4
API CREATE Complete on slot #4
Calling API DESTROY on slot #1
API DESTROY Failed on slot #1: Resource Not Available
Calling API DESTROY on slot #1
API DESTROY Failed on slot #1: Resource Not Available
Calling API CREATE on slot #2
API CREATE Complete on slot #2
Calling API CREATE on slot #4
API CREATE Failed on slot #4: Resource Not Available
Calling API CREATE on slot #7
API CREATE Complete on slot #7
Calling API DESTROY on slot #1
API DESTROY Failed on slot #1: Resource Not Available
Calling API CREATE on slot #2
API CREATE Failed on slot #2: Resource Not Available
Calling API DESTROY on slot #7
API DESTROY Complete on slot #7
Calling API DESTROY on slot #7
API DESTROY Failed on slot #7: Resource Not Available
Calling API DESTROY on slot #0
API DESTROY Failed on slot #0: Resource Not Available
Calling API CREATE on slot #5
API CREATE Complete on slot #5
Calling API DESTROY on slot #1
API DESTROY Failed on slot #1: Resource Not Available
Calling API DESTROY on slot #3
API DESTROY Failed on slot #3: Resource Not Available
Calling API DESTROY on slot #2
API DESTROY Complete on slot #2
Calling API CREATE on slot #2
API CREATE Complete on slot #2
Calling API CREATE on slot #6
API CREATE Complete on slot #6
Calling API DESTROY on slot #2
API DESTROY Complete on slot #2
Calling API CREATE on slot #4
API CREATE Failed on slot #4: Resource Not Available
Calling API CREATE on slot #0
API CREATE Complete on slot #0
Calling API DESTROY on slot #3
API DESTROY Failed on slot #3: Resource Not Available
Calling API DESTROY on slot #3
API DESTROY Failed on slot #3: Resource Not Available
Calling API CREATE on slot #2
API CREATE Complete on slot #2
Calling API CREATE on slot #4
API CREATE Failed on slot #4: Resource Not Available
Calling API CREATE on slot #6
API CREATE Failed on slot #6: Resource Not Available
Calling API DESTROY on slot #1
API DESTROY Failed on slot #1: Resource Not Available
Calling API DESTROY on slot #7
API DESTROY Failed on slot #7: Resource Not Available
Calling API CREATE on slot #3
API CREATE Complete on slot #3
Calling API DESTROY on slot #5
API DESTROY Complete on slot #5
Calling API DESTROY on slot #6
API DESTROY Complete on slot #6
Calling API DESTROY on slot #4
API DESTROY Complete on slot #4
Calling API DESTROY on slot #2
API DESTROY Complete on slot #2
Calling API DESTROY on slot #1
API DESTROY Failed on slot #1: Resource Not Available
Calling API CREATE on slot #2
API CREATE Complete on slot #2
Calling API DESTROY on slot #3
API DESTROY Complete on slot #3
Calling API CREATE on slot #1
API CREATE Complete on slot #1
Calling API DESTROY on slot #3
API DESTROY Failed on slot #3: Resource Not Available
Calling API DESTROY on slot #3
API DESTROY Failed on slot #3: Resource Not Available
Calling API DESTROY on slot #3
API DESTROY Failed on slot #3: Resource Not Available
Calling API DESTROY on slot #5
API DESTROY Failed on slot #5: Resource Not Available
Calling API DESTROY on slot #7
API DESTROY Failed on slot #7: Resource Not Available
Calling API CREATE on slot #5
API CREATE Complete on slot #5
Calling API DESTROY on slot #7
API DESTROY Failed on slot #7: Resource Not Available
Calling API DESTROY on slot #6
API DESTROY Failed on slot #6: Resource Not Available
Calling API DESTROY on slot #4
API DESTROY Failed on slot #4: Resource Not Available
Calling API DESTROY on slot #7
API DESTROY Failed on slot #7: Resource Not Available
Calling API DESTROY on slot #0
API DESTROY Complete on slot #0
Calling API DESTROY on slot #2
API DESTROY Complete on slot #2
Calling API CREATE on slot #4
API CREATE Complete on slot #4
Calling API CREATE on slot #6
API CREATE Complete on slot #6
Calling API CREATE on slot #5
API CREATE Failed on slot #5: Resource Not Available
Calling API CREATE on slot #4
API CREATE Failed on slot #4: Resource Not Available
Calling API DESTROY on slot #6
API DESTROY Complete on slot #6
Calling API DESTROY on slot #7
API DESTROY Failed on slot #7: Resource Not Available
Calling API DESTROY on slot #2
API DESTROY Failed on slot #Calling API DESTROY on slot #7
API DESTROY Failed on slot #7: Resource Not Available
2: Resource Not Available
Calling API CREATE on slot #0
API CREATE Complete on slot #0
Calling API DESTROY on slot #3
API DESTROY Failed on slot #3: Resource Not Available
Calling API DESTROY on slot #6
API DESTROY Failed on slot #6: Resource Not Available
Calling API CREATE on slot #3
API CREATE Complete on slot #3
Calling API DESTROY on slot #3
API DESTROY Complete on slot #3
Calling API DESTROY on slot #4
API DESTROY Complete on slot #4
Calling API DESTROY on slot #1
API DESTROY Complete on slot #1
Calling API CREATE on slot #7
API CREATE Complete on slot #7
Calling API DESTROY on slot #3
API DESTROY Failed on slot #3: Resource Not Available
Calling API CREATE on slot #5
API CREATE Failed on slot #5: Resource Not Available
Calling API CREATE on slot #0
API CREATE Failed on slot #0: Resource Not Available
Calling API DESTROY on slot #0
API DESTROY Complete on slot #0
Calling API DESTROY on slot #7
API DESTROY Complete on slot #7
Calling API DESTROY on slot #2
API DESTROY Failed on slot #2: Resource Not Available
Calling API DESTROY on slot #6
API DESTROY Failed on slot #6: Resource Not Available
Calling API DESTROY on slot #7
API DESTROY Failed on slot #7: Resource Not Available
Calling API CREATE on slot #5
API CREATE Failed on slot #5: Resource Not Available
Calling API CREATE on slot #1
API CREATE Complete on slot #1
Calling API CREATE on slot #2
API CREATE Complete on slot #2
Calling API CREATE on slot #1
API CREATE Failed on slot #1: Resource Not Available
Calling API DESTROY on slot #2
API DESTROY Complete on slot #2
Calling API DESTROY on slot #4
API DESTROY Failed on slot #4: Resource Not Available
Calling API DESTROY on slot #0
API DESTROY Failed on slot #0: Resource Not Available
Calling API CREATE on slot #3
API CREATE Complete on slot #3
Calling API DESTROY on slot #6
API DESTROY Failed on slot #6: Resource Not Available
Calling API CREATE on slot #4
API CREATE Complete on slot #4
Calling API CREATE on slot #2
API CREATE Complete on slot #2
Calling API DESTROY on slot #6
API DESTROY Failed on slot #6: Resource Not Available
Calling API DESTROY on slot #4
API DESTROY Complete on slot #4
Calling API CREATE on slot #2
API CREATE Failed on slot #2: Resource Not Available
Calling API DESTROY on slot #1
API DESTROY Complete on slot #1
Calling API DESTROY on slot #2
API DESTROY Complete on slot #2
Calling API CREATE on slot #0
API CREATE Complete on slot #0
Calling API DESTROY on slot #5
API DESTROY Complete on slot #5
Calling API DESTROY on slot #5
API DESTROY Failed on slot #5: Resource Not Available
Calling API CREATE on slot #2
API CREATE Complete on slot #2
Calling API DESTROY on slot #2
API DESTROY Complete on slot #2
Calling API DESTROY on slot #5
API DESTROY Failed on slot #5: Resource Not Available
Calling API DESTROY on slot #4
API DESTROY Failed on slot #4: Resource Not Available
Calling API CREATE on slot #7
API CREATE Complete on slot #7
Calling API DESTROY on slot #0
API DESTROY Complete on slot #0
Calling API CREATE on slot #2
API CREATE Complete on slot #2
Calling API CREATE on slot #5
API CREATE Complete on slot #5
Calling API DESTROY on slot #6
API DESTROY Failed on slot #6: Resource Not Available
Calling API CREATE on slot #2
API CREATE Failed on slot #2: Resource Not Available
Calling API CREATE on slot #0
API CREATE Complete on slot #0
Calling API DESTROY on slot #4
API DESTROY Failed on slot #4: Resource Not Available
Calling API CREATE on slot #6
API CREATE Complete on slot #6
Calling API DESTROY on slot #7
API DESTROY Complete on slot #7
Calling API DESTROY on slot #0
API DESTROY Complete on slot #0
Calling API DESTROY on slot #6
API DESTROY Complete on slot #6
Calling API CREATE on slot #1
API CREATE Complete on slot #1
Calling API DESTROY on slot #5
API DESTROY Complete on slot #5
Calling API CREATE on slot #7
API CREATE Complete on slot #7
Calling API DESTROY on slot #3
API DESTROY Complete on slot #3
Calling API CREATE on slot #7
API CREATE Failed on slot #7: Resource Not Available
Calling API CREATE on slot #Calling API CREATE on slot #3
API CREATE Complete on slot #3
Calling API CREATE on slot #4
API CREATE Complete on slot #4
Calling API DESTROY on slot #1
API DESTROY Complete on slot #1
Calling API DESTROY on slot #6
API CREATE Complete on slot #6
5
API DESTROY Failed on slot #5: Resource Not Available
Calling API DESTROY on slot #5
API DESTROY Failed on slot #5: Resource Not Available
Calling API CREATE on slot #7
API CREATE Failed on slot #7: Resource Not Available
Calling API CREATE on slot #Calling API CREATE on slot #6
API CREATE Failed on slot #6: Resource Not Available
2
API CREATE Failed on slot #2: Resource Not Available
Calling API CREATE on slot #7
API CREATE Failed on slot #7: Resource Not Available
Calling API CREATE on slot #7
API CREATE Failed on slot #7: Resource Not Available
Calling API CREATE on slot #7
API CREATE Failed on slot #7: Resource Not Available
Calling API CREATE on slot #1
API CREATE Complete on slot #1
Calling API CREATE on slot #3
API CREATE Failed on slot #3: Resource Not Available
Calling API DESTROY on slot #4
API DESTROY Complete on slot #4
Calling API DESTROY on slot #6
API DESTROY Complete on slot #6
Calling API DESTROY on slot #0
API DESTROY Failed on slot #0: Resource Not Available
Calling API DESTROY on slot #0
API DESTROY Failed on slot #0: Resource Not Available
Calling API CREATE on slot #1
API CREATE Failed on slot #1: Resource Not Available
Calling API DESTROY on slot #4
API DESTROY Failed on slot #4: Resource Not Available
Calling API CREATE on slot #2
API CREATE Failed on slot #2: Resource Not Available
Calling API DESTROY on slot #6
API DESTROY Failed on slot #6: Resource Not Available
Calling API CREATE on slot #0
API CREATE Complete on slot #0
Calling API CREATE on slot #2
API CREATE Failed on slot #2: Resource Not Available
Calling API CREATE on slot #5
API CREATE Complete on slot #5
Calling API CREATE on slot #6
API CREATE Complete on slot #6
Calling API DESTROY on slot #2
API DESTROY Complete on slot #2
Calling API CREATE on slot #7
API CREATE Failed on slot #7: Resource Not Available
Calling API CREATE on slot #3
API CREATE Failed on slot #3: Resource Not Available
Calling API CREATE on slot #6
API CREATE Failed on slot #6: Resource Not Available
Calling API CREATE on slot #5
API CREATE Failed on slot #5: Resource Not Available
Calling API DESTROY on slot #0
API DESTROY Complete on slot #0
Calling API DESTROY on slot #6
API DESTROY Complete on slot #6
Calling API CREATE on slot #7
API CREATE Failed on slot #7: Resource Not Available
Calling API CREATE on slot #4
API CREATE Complete on slot #4
Calling API DESTROY on slot #2
API DESTROY Failed on slot #2: Resource Not Available
Calling API DESTROY on slot #2
API DESTROY Failed on slot #2: Resource Not Available
Calling API CREATE on slot #7
API CREATE Failed on slot #7: Resource Not Available
Calling API DESTROY on slot #3
API DESTROY Complete on slot #3
Calling API DESTROY on slot #2
API DESTROY Failed on slot #2: Resource Not Available
Calling API DESTROY on slot #3
API DESTROY Failed on slot #3: Resource Not Available
Calling API DESTROY on slot #2
API DESTROY Failed on slot #2: Resource Not Available
Calling API DESTROY on slot #6
API DESTROY Failed on slot #6: Resource Not Available
Calling API CREATE on slot #4
API CREATE Failed on slot #4: Resource Not Available
Calling API CREATE on slot #1
API CREATE Failed on slot #1: Resource Not Available
Calling API DESTROY on slot #1
API DESTROY Complete on slot #1
Calling API CREATE on slot #1
API CREATE Complete on slot #1
Calling API DESTROY on slot #1
API DESTROY Complete on slot #1
Calling API CREATE on slot #6
API CREATE Complete on slot #6
Calling API DESTROY on slot #4
API DESTROY Complete on slot #4
Calling API CREATE on slot #3
API CREATE Complete on slot #3
Calling API DESTROY on slot #3
API DESTROY Complete on slot #3
Calling API DESTROY on slot #6
API DESTROY Complete on slot #6
Calling API CREATE on slot #0
API CREATE Complete on slot #0
Calling API DESTROY on slot #7
API DESTROY Complete on slot #7
Calling API DESTROY on slot #5
API DESTROY Complete on slot #Calling API CREATE on slot #3
API CREATE Complete on slot #3
5
Calling API DESTROY on slot #2
API DESTROY Failed on slot #2: Resource Not Available
Calling API DESTROY on slot #2
API DESTROY Failed on slot #2: Resource Not Available
Calling API CREATE on slot #7
API CREATE Complete on slot #7
Calling API CREATE on slot #4
API CREATE Complete on slot #4
Calling API DESTROY on slot #6
API DESTROY Failed on slot #6: Resource Not Available
Calling API CREATE on slot #1
API CREATE Complete on slot #1
Calling API DESTROY on slot #3
API DESTROY Complete on slot #3
Calling API DESTROY on slot #0
API DESTROY Complete on slot #0
Calling API DESTROY on slot #0
API DESTROY Failed on slot #0: Resource Not Available
Calling API CREATE on slot #6
API CREATE Complete on slot #6
Calling API DESTROY on slot #7
API DESTROY Complete on slot #7
Calling API CREATE on slot #3
API CREATE Complete on slot #3
Calling API CREATE on slot #2
API CREATE Complete on slot #2
Calling API DESTROY on slot #6
API DESTROY Complete on slot #6
Calling API DESTROY on slot #0
API DESTROY Failed on slot #0: Resource Not Available
Calling API CREATE on slot #6
API CREATE Complete on slot #6
Calling API CREATE on slot #4
API CREATE Failed on slot #4: Resource Not Available
Calling API CREATE on slot #7
API CREATE Complete on slot #7
Calling API DESTROY on slot #5
API DESTROY Failed on slot #5: Resource Not Available
Calling API DESTROY on slot #5
API DESTROY Failed on slot #5: Resource Not Available
Calling API DESTROY on slot #3
API DESTROY Complete on slot #3
Calling API DESTROY on slot #7
API DESTROY Complete on slot #7
Calling API CREATE on slot #1
API CREATE Failed on slot #1: Resource Not Available
Calling API CREATE on slot #0
API CREATE Complete on slot #0
Calling API CREATE on slot #5
API CREATE Complete on slot #5
Calling API CREATE on slot #6
API CREATE Failed on slot #6: Resource Not Available
Calling API CREATE on slot #6
API CREATE Failed on slot #6: Resource Not Available
Calling API DESTROY on slot #6
API DESTROY Complete on slot #6
Calling API DESTROY on slot #1
API DESTROY Complete on slot #1
Calling API CREATE on slot #7
API CREATE Complete on slot #7
Calling API DESTROY on slot #1
API DESTROY Failed on slot #1: Resource Not Available
Calling API CREATE on slot #0
API CREATE Failed on slot #0: Resource Not Available
Calling API DESTROY on slot #6
API DESTROY Failed on slot #6: Resource Not Available
Calling API DESTROY on slot #5
API DESTROY Complete on slot #5
Calling API DESTROY on slot #0
API DESTROY Complete on slot #0
Calling API CREATE on slot #4
API CREATE Failed on slot #4: Resource Not Available
Calling API CREATE on slot #5
API CREATE Complete on slot #5
Calling API DESTROY on slot #0
API DESTROY Failed on slot #0: Resource Not Available
Calling API DESTROY on slot #7
API DESTROY Complete on slot #7
Calling API DESTROY on slot #6
API DESTROY Failed on slot #6: Resource Not Available
Calling API DESTROY on slot #4
API DESTROY Complete on slot #4
Calling API DESTROY on slot #4
API DESTROY Failed on slot #4: Resource Not Available
Calling API CREATE on slot #7
API CREATE Complete on slot #7
Calling API CREATE on slot #5
API CREATE Failed on slot #5: Resource Not Available
Calling API DESTROY on slot #4
API DESTROY Failed on slot #4: Resource Not Available
Calling API CREATE on slot #1
API CREATE Complete on slot #1
Calling API CREATE on slot #1
API CREATE Failed on slot #1: Resource Not Available
Calling API DESTROY on slot #2
API DESTROY Complete on slot #2
Calling API CREATE on slot #2
API CREATE Complete on slot #2
Calling API DESTROY on slot #1
API DESTROY Complete on slot #1
Calling API CREATE on slot #0
API CREATE Complete on slot #0
Calling API CREATE on slot #0
API CREATE Failed on slot #0: Resource Not Available
Calling API DESTROY on slot #6
API DESTROY Failed on slot #6: Resource Not Available
Calling API DESTROY on slot #1
API DESTROY Failed on slot #1: Resource Not Available
Calling API CREATE on slot #7
API CREATE Failed on slot #7: Resource Not Available
Calling API DESTROY on slot #1
API DESTROY Failed on slot #Calling API CREATE on slot #2
API CREATE Failed on slot #2: Resource Not Available
1: Resource Not Available
Calling API DESTROY on slot #Calling API DESTROY on slot #1
API DESTROY Failed on slot #1: Resource Not Available
Calling API DESTROY on slot #0
API DESTROY Complete on slot #0
Calling API CREATE on slot #4
API CREATE Complete on slot #4
3
API DESTROY Failed on slot #3: Resource Not Available
Calling API DESTROY on slot #4
API DESTROY Complete on slot #4
Calling API CREATE on slot #0
API CREATE Complete on slot #0
Calling API CREATE on slot #5
API CREATE Failed on slot #5: Resource Not Available
Calling API DESTROY on slot #7
API DESTROY Complete on slot #7
Calling API DESTROY on slot #5
API DESTROY Complete on slot #5
Calling API CREATE on slot #5
API CREATE Complete on slot #5
Calling API DESTROY on slot #7
API DESTROY Failed on slot #7: Resource Not Available
Calling API CREATE on slot #7
API CREATE Complete on slot #7
Calling API DESTROY on slot #4
API DESTROY Failed on slot #4: Resource Not Available
Calling API CREATE on slot #1
API CREATE Complete on slot #1
Calling API CREATE on slot #7
API CREATE Failed on slot #7: Resource Not Available
Calling API CREATE on slot #6
API CREATE Complete on slot #6
Calling API DESTROY on slot #6
API DESTROY Complete on slot #6
Calling API CREATE on slot #6
API CREATE Complete on slot #6
Calling API DESTROY on slot #0
API DESTROY Complete on slot #0
Calling API CREATE on slot #3
API CREATE Complete on slot #3
Calling API CREATE on slot #5
API CREATE Failed on slot #5: Resource Not Available
Calling API DESTROY on slot #1
API DESTROY Complete on slot #1
Calling API DESTROY on slot #0
API DESTROY Failed on slot #0: Resource Not Available
Calling API DESTROY on slot #4
API DESTROY Failed on slot #4: Resource Not Available
Calling API DESTROY on slot #5
API DESTROY Complete on slot #5
Calling API CREATE on slot #4
API CREATE Complete on slot #4
Calling API CREATE on slot #5
API CREATE Complete on slot #5
Calling API DESTROY on slot #2
API DESTROY Complete on slot #2
Calling API CREATE on slot #3
API CREATE Failed on slot #3: Resource Not Available
Calling API CREATE on slot #3
API CREATE Failed on slot #3: Resource Not Available
Joining Threads
Calling API DESTROY on slot #0
API DESTROY Failed on slot #0: Resource Not Available
Calling API DESTROY on slot #1
API DESTROY Failed on slot #1: Resource Not Available
Calling API DESTROY on slot #2
API DESTROY Failed on slot #2: Resource Not Available
Calling API DESTROY on slot #3
API DESTROY Complete on slot #3
Calling API DESTROY on slot #4
API DESTROY Complete on slot #4
Calling API DESTROY on slot #5
API DESTROY Complete on slot #5
Calling API DESTROY on slot #6
API DESTROY Complete on slot #6
Calling API DESTROY on slot #7
API DESTROY Complete on slot #7
Hello World::Helgrind Test
Creating Threads
Calling API CREATE on slot #6
API CREATE Complete on slot #6
Calling API DESTROY on slot #3
API DESTROY Failed on slot #3: Resource Not Available
Calling API CREATE on slot #7
API CREATE Complete on slot #7
Calling API CREATE on slot #3
API CREATE Complete on slot #3
Calling API CREATE on slot #6
API CREATE Failed on slot #6: Resource Not Available
Calling API DESTROY on slot #4
API DESTROY Failed on slot #4: Resource Not Available
Calling API DESTROY on slot #3
API DESTROY Complete on slot #3
Calling API CREATE on slot #4
API CREATE Complete on slot #4
Calling API DESTROY on slot #4
API DESTROY Complete on slot #4
Calling API DESTROY on slot #3
API DESTROY Failed on slot #3: Resource Not Available
Calling API DESTROY on slot #3
API DESTROY Failed on slot #3: Resource Not Available
Calling API DESTROY on slot #5
API DESTROY Failed on slot #5: Resource Not Available
Calling API CREATE on slot #2
API CREATE Complete on slot #2
Calling API CREATE on slot #0
API CREATE Complete on slot #0
Calling API CREATE on slot #6
API CREATE Failed on slot #6: Resource Not Available
Calling API DESTROY on slot #1
API DESTROY Failed on slot #1: Resource Not Available
Calling API DESTROY on slot #0
API DESTROY Complete on slot #0
Calling API CREATE on slot #5
API CREATE Complete on slot #5
Calling API CREATE on slot #4
API CREATE Complete on slot #4
Calling API CREATE on slot #2
API CREATE Failed on slot #2: Resource Not Available
Calling API DESTROY on slot #2
API DESTROY Complete on slot #2
Calling API DESTROY on slot #7
API DESTROY Complete on slot #7
Calling API CREATE on slot #5
API CREATE Failed on slot #5: Resource Not Available
Calling API CREATE on slot #3
API CREATE Complete on slot #3
Calling API CREATE on slot #0
API CREATE Complete on slot #0
Calling API DESTROY on slot #6
API DESTROY Complete on slot #6
Calling API DESTROY on slot #6
API DESTROY Failed on slot #6: Resource Not Available
Calling API DESTROY on slot #3
API DESTROY Complete on slot #3
Calling API CREATE on slot #4
API CREATE Failed on slot #4: Resource Not Available
Calling API DESTROY on slot #0
API DESTROY Complete on slot #0
Calling API DESTROY on slot #0
API DESTROY Failed on slot #0: Resource Not Available
Calling API CREATE on slot #3
API CREATE Complete on slot #3
Calling API DESTROY on slot #2
API DESTROY Failed on slot #2: Resource Not Available
Calling API DESTROY on slot #5
API DESTROY Complete on slot #5
Calling API CREATE on slot #6
API CREATE Complete on slot #6
Calling API DESTROY on slot #3
API DESTROY Complete on slot #3
Calling API DESTROY on slot #4
API DESTROY Complete on slot #4
Calling API DESTROY on slot #3
API DESTROY Failed on slot #3: Resource Not Available
Calling API DESTROY on slot #4
API DESTROY Failed on slot #4: Resource Not Available
Calling API CREATE on slot #1
API CREATE Complete on slot #1
Calling API CREATE on slot #6
API CREATE Failed on slot #6: Resource Not Available
Calling API DESTROY on slot #6
API DESTROY Complete on slot #6
Calling API CREATE on slot #1
API CREATE Failed on slot #1: Resource Not Available
Calling API CREATE on slot #5
API CREATE Complete on slot #5
Calling API CREATE on slot #1
API CREATE Failed on slot #1: Resource Not Available
Calling API CREATE on slot #4
API CREATE Complete on slot #4
Calling API CREATE on slot #1
API CREATE Failed on slot #1: Resource Not Available
Calling API CREATE on slot #6
API CREATE Complete on slot #6
Calling API DESTROY on slot #5
API DESTROY Complete on slot #5
Calling API DESTROY on slot #3
API DESTROY Failed on slot #3: Resource Not Available
Calling API CREATE on slot #6
API CREATE Failed on slot #6: Resource Not Available
Calling API CREATE on slot #5
API CREATE Complete on slot #5
Calling API CREATE on slot #4
API CREATE Failed on slot #4: Resource Not Available
Calling API CREATE on slot #5
API CREATE Failed on slot #5: Resource Not Available
Calling API CREATE on slot #6
API CREATE Failed on slot #6: Resource Not Available
Calling API DESTROY on slot #7
API DESTROY Failed on slot #7: Resource Not Available
Calling API DESTROY on slot #Calling API DESTROY on slot #0
API DESTROY Failed on slot #0: Resource Not Available
7
API DESTROY Failed on slot #7: Resource Not Available
Calling API CREATE on slot #4
API CREATE Failed on slot #4: Resource Not Available
Calling API DESTROY on slot #6
API DESTROY Complete on slot #6
Calling API DESTROY on slot #Calling API CREATE on slot #2
API CREATE Complete on slot #2
5
API DESTROY Complete on slot #5
Calling API DESTROY on slot #4
API DESTROY Complete on slot #4
Calling API CREATE on slot #1
API CREATE Failed on slot #1: Resource Not Available
Calling API DESTROY on slot #1
API DESTROY Complete on slot #1
Calling API DESTROY on slot #7
API DESTROY Failed on slot #7: Resource Not Available
Calling API DESTROY on slot #2
API DESTROY Complete on slot #2
Calling API DESTROY on slot #5
API DESTROY Failed on slot #5: Resource Not Available
Calling API DESTROY on slot #6
API DESTROY Failed on slot #6: Resource Not Available
Calling API DESTROY on slot #1
API DESTROY Failed on slot #1: Resource Not Available
Calling API DESTROY on slot #6
API DESTROY Failed on slot #6: Resource Not Available
Calling API DESTROY on slot #4
API DESTROY Failed on slot #4: Resource Not Available
Calling API DESTROY on slot #1
API DESTROY Failed on slot #1: Resource Not Available
Calling API DESTROY on slot #5
API DESTROY Failed on slot #5: Resource Not Available
Calling API CREATE on slot #1
API CREATE Complete on slot #1
Calling API DESTROY on slot #0
API DESTROY Failed on slot #0: Resource Not Available
Calling API DESTROY on slot #1
API DESTROY Complete on slot #1
Calling API DESTROY on slot #2
API DESTROY Failed on slot #2: Resource Not Available
Calling API CREATE on slot #6
API CREATE Complete on slot #6
Calling API DESTROY on slot #0
API DESTROY Failed on slot #0: Resource Not Available
Calling API CREATE on slot #0
API CREATE Complete on slot #0
Calling API CREATE on slot #0
API CREATE Failed on slot #0: Resource Not Available
Calling API DESTROY on slot #4
API DESTROY Failed on slot #4: Resource Not Available
Calling API CREATE on slot #5
API CREATE Complete on slot #5
Calling API DESTROY on slot #1
API DESTROY Failed on slot #1: Resource Not Available
Calling API CREATE on slot #6
API CREATE Failed on slot #6: Resource Not Available
Calling API CREATE on slot #4
API CREATE Complete on slot #4
Calling API CREATE on slot #7
API CREATE Complete on slot #7
Calling API CREATE on slot #5
API CREATE Failed on slot #5: Resource Not Available
Calling API CREATE on slot #1
API CREATE Complete on slot #1
Calling API CREATE on slot #0
API CREATE Failed on slot #0: Resource Not Available
Calling API CREATE on slot #3
API CREATE Complete on slot #3
Calling API CREATE on slot #0
API CREATE Failed on slot #0: Resource Not Available
Calling API CREATE on slot #2
API CREATE Complete on slot #2
Calling API DESTROY on slot #6
API DESTROY Complete on slot #6
Calling API DESTROY on slot #5
API DESTROY Complete on slot #5
Calling API CREATE on slot #3
API CREATE Failed on slot #3: Resource Not Available
Calling API CREATE on slot #4
API CREATE Failed on slot #4: Resource Not Available
Calling API DESTROY on slot #4
API DESTROY Complete on slot #4
Calling API DESTROY on slot #3
API DESTROY Complete on slot #3
Calling API DESTROY on slot #3
API DESTROY Failed on slot #3: Resource Not Available
Calling API DESTROY on slot #5
API DESTROY Failed on slot #5: Resource Not Available
Calling API DESTROY on slot #1
API DESTROY Complete on slot #1
Calling API CREATE on slot #1
API CREATE Complete on slot #1
Calling API DESTROY on slot #3
API DESTROY Failed on slot #3: Resource Not Available
Calling API CREATE on slot #0
API CREATE Failed on slot #0: Resource Not Available
Calling API CREATE on slot #3
API CREATE Complete on slot #3
Calling API CREATE on slot #1
API CREATE Failed on slot #1: Resource Not Available
Calling API CREATE on slot #7
API CREATE Failed on slot #7: Resource Not Available
Calling API CREATE on slot #5
API CREATE Complete on slot #5
Calling API CREATE on slot #6
API CREATE Complete on slot #6
Calling API DESTROY on slot #5
API DESTROY Complete on slot #Calling API DESTROY on slot #7
API DESTROY Complete on slot #7
5
Calling API DESTROY on slot #3
API DESTROY Complete on slot #3
Calling API CREATE on slot #0
API CREATE Failed on slot #0: Resource Not Available
Calling API DESTROY on slot #Calling API CREATE on slot #3
API CREATE Complete on slot #3
Calling API CREATE on slot #7
API CREATE Complete on slot #7
2
API DESTROY Complete on slot #2
Calling API CREATE on slot #3
API CREATE Failed on slot #3: Resource Not Available
Calling API DESTROY on slot #7
API DESTROY Complete on slot #7
Calling API DESTROY on slot #5
API DESTROY Failed on slot #5: Resource Not Available
Calling API DESTROY on slot #6
API DESTROY Complete on slot #6
Calling API DESTROY on slot #1
API DESTROY Complete on slot #1
Calling API CREATE on slot #1
API CREATE Complete on slot #1
Calling API CREATE on slot #4
API CREATE Complete on slot #4
Calling API DESTROY on slot #1
API DESTROY Complete on slot #1
Calling API DESTROY on slot #5
API DESTROY Failed on slot #5: Resource Not Available
Calling API CREATE on slot #5
API CREATE Complete on slot #5
Calling API CREATE on slot #1
API CREATE Complete on slot #1
Calling API CREATE on slot #3
API CREATE Failed on slot #3: Resource Not Available
Calling API CREATE on slot #1
API CREATE Failed on slot #1: Resource Not Available
Calling API CREATE on slot #3
API CREATE Failed on slot #3: Resource Not Available
Calling API DESTROY on slot #5
API DESTROY Complete on slot #5
Calling API DESTROY on slot #4
API DESTROY Complete on slot #4
Calling API CREATE on slot #5
API CREATE Complete on slot #5
Calling API DESTROY on slot #1
API DESTROY Complete on slot #1
Calling API CREATE on slot #3
API CREATE Failed on slot #3: Resource Not Available
Calling API DESTROY on slot #1
API DESTROY Failed on slot #1: Resource Not Available
Calling API CREATE on slot #0
API CREATE Failed on slot #0: Resource Not Available
Calling API DESTROY on slot #2
API DESTROY Failed on slot #2: Resource Not Available
Calling API CREATE on slot #3
API CREATE Failed on slot #3: Resource Not Available
Calling API CREATE on slot #6
API CREATE Complete on slot #6
Calling API CREATE on slot #3
API CREATE Failed on slot #3: Resource Not Available
Calling API CREATE on slot #1
API CREATE Complete on slot #1
Calling API DESTROY on slot #4
API DESTROY Failed on slot #4: Resource Not Available
Calling API DESTROY on slot #1
API DESTROY Complete on slot #1
Calling API DESTROY on slot #4
API DESTROY Failed on slot #4: Resource Not Available
Calling API DESTROY on slot #7
API DESTROY Failed on slot #7: Resource Not Available
Calling API CREATE on slot #0
API CREATE Failed on slot #0: Resource Not Available
Calling API CREATE on slot #1
API CREATE Complete on slot #1
Calling API CREATE on slot #4
API CREATE Complete on slot #4
Calling API CREATE on slot #1
API CREATE Failed on slot #1: Resource Not Available
Calling API DESTROY on slot #4
API DESTROY Complete on slot #4
Calling API CREATE on slot #2
API CREATE Complete on slot #2
Calling API DESTROY on slot #5
API DESTROY Complete on slot #5
Calling API CREATE on slot #0
API CREATE Failed on slot #0: Resource Not Available
Calling API DESTROY on slot #1
API DESTROY Complete on slot #1
Calling API DESTROY on slot #1
API DESTROY Failed on slot #1: Resource Not Available
Calling API DESTROY on slot #7
API DESTROY Failed on slot #7: Resource Not Available
Calling API DESTROY on slot #7
API DESTROY Failed on slot #7: Resource Not Available
Calling API CREATE on slot #5
API CREATE Complete on slot #5
Calling API DESTROY on slot #2
API DESTROY Complete on slot #2
Calling API DESTROY on slot #7
API DESTROY Failed on slot #7: Resource Not Available
Calling API DESTROY on slot #2
API DESTROY Failed on slot #2: Resource Not Available
Calling API DESTROY on slot #7
API DESTROY Failed on slot #7: Resource Not Available
Calling API CREATE on slot #0
API CREATE Failed on slot #0: Resource Not Available
Calling API CREATE on slot #1
API CREATE Complete on slot #1
Calling API CREATE on slot #6
API CREATE Failed on slot #6: Resource Not Available
Calling API DESTROY on slot #Calling API CREATE on slot #7
API CREATE Complete on slot #7
4
API DESTROY Failed on slot #4: Resource Not Available
Calling API CREATE on slot #Calling API CREATE on slot #1
API CREATE Failed on slot #1: Resource Not Available
7
API CREATE Failed on slot #7: Resource Not Available
Calling API DESTROY on slot #7
API DESTROY Complete on slot #7
Calling API CREATE on slot #2
API CREATE Complete on slot #2
Calling API CREATE on slot #2
API CREATE Failed on slot #2: Resource Not Available
Calling API CREATE on slot #6
API CREATE Failed on slot #6: Resource Not Available
Calling API DESTROY on slot #0
API DESTROY Complete on slot #0
Calling API DESTROY on slot #1
API DESTROY Complete on slot #1
Calling API DESTROY on slot #5
API DESTROY Complete on slot #5
Calling API DESTROY on slot #5
API DESTROY Failed on slot #5: Resource Not Available
Calling API CREATE on slot #0
API CREATE Complete on slot #0
Calling API CREATE on slot #1
API CREATE Complete on slot #1
Calling API DESTROY on slot #6
API DESTROY Complete on slot #6
Calling API DESTROY on slot #2
API DESTROY Complete on slot #2
Calling API CREATE on slot #1
API CREATE Failed on slot #1: Resource Not Available
Calling API DESTROY on slot #0
API DESTROY Complete on slot #0
Calling API CREATE on slot #0
API CREATE Complete on slot #0
Calling API DESTROY on slot #5
API DESTROY Failed on slot #5: Resource Not Available
Calling API CREATE on slot #5
API CREATE Complete on slot #5
Calling API DESTROY on slot #1
API DESTROY Complete on slot #1
Calling API DESTROY on slot #0
API DESTROY Complete on slot #0
Calling API DESTROY on slot #3
API DESTROY Complete on slot #3
Calling API CREATE on slot #2
API CREATE Complete on slot #2
Calling API CREATE on slot #2
API CREATE Failed on slot #2: Resource Not Available
Calling API DESTROY on slot #1
API DESTROY Failed on slot #1: Resource Not Available
Calling API DESTROY on slot #7
API DESTROY Failed on slot #7: Resource Not Available
Calling API DESTROY on slot #7
API DESTROY Failed on slot #7: Resource Not Available
Calling API DESTROY on slot #3
API DESTROY Failed on slot #3: Resource Not Available
Calling API CREATE on slot #6
API CREATE Complete on slot #6
Calling API CREATE on slot #4
API CREATE Complete on slot #4
Calling API DESTROY on slot #5
API DESTROY Complete on slot #5
Calling API CREATE on slot #6
API CREATE Failed on slot #6: Resource Not Available
Calling API DESTROY on slot #4
API DESTROY Complete on slot #4
Calling API DESTROY on slot #6
API DESTROY Complete on slot #6
Calling API CREATE on slot #3
API CREATE Complete on slot #3
Calling API CREATE on slot #2
API CREATE Failed on slot #2: Resource Not Available
Calling API DESTROY on slot #7
API DESTROY Failed on slot #7: Resource Not Available
Calling API CREATE on slot #3
API CREATE Failed on slot #3: Resource Not Available
Calling API DESTROY on slot #5
API DESTROY Failed on slot #5: Resource Not Available
Calling API DESTROY on slot #6
API DESTROY Failed on slot #6: Resource Not Available
Calling API CREATE on slot #5
API CREATE Complete on slot #5
Calling API DESTROY on slot #5
API DESTROY Complete on slot #5
Calling API CREATE on slot #3
API CREATE Failed on slot #3: Resource Not Available
Calling API CREATE on slot #0
API CREATE Complete on slot #0
Calling API CREATE on slot #5
API CREATE Complete on slot #5
Calling API DESTROY on slot #6
API DESTROY Failed on slot #6: Resource Not Available
Calling API DESTROY on slot #6
API DESTROY Failed on slot #6: Resource Not Available
Calling API CREATE on slot #2
API CREATE Failed on slot #2: Resource Not Available
Calling API DESTROY on slot #0
API DESTROY Complete on slot #0
Calling API CREATE on slot #3
API CREATE Failed on slot #3: Resource Not Available
Calling API DESTROY on slot #3
API DESTROY Complete on slot #3
Calling API DESTROY on slot #0
API DESTROY Failed on slot #0: Resource Not Available
Calling API CREATE on slot #6
API CREATE Complete on slot #6
Calling API DESTROY on slot #3
API DESTROY Failed on slot #3: Resource Not Available
Calling API CREATE on slot #1
API CREATE Complete on slot #Calling API CREATE on slot #Calling API DESTROY on slot #3
API DESTROY Failed on slot #3: Resource Not Available
1
Calling API DESTROY on slot #7
API DESTROY Failed on slot #7: Resource Not Available
1
API CREATE Failed on slot #1: Resource Not Available
Calling API DESTROY on slot #7
API DESTROY Failed on slot #7: Resource Not Available
Calling API DESTROY on slot #0
API DESTROY Failed on slot #0: Resource Not Available
Calling API DESTROY on slot #4
API DESTROY Failed on slot #4: Resource Not Available
Calling API DESTROY on slot #5
API DESTROY Complete on slot #5
Calling API CREATE on slot #6
API CREATE Failed on slot #6: Resource Not Available
Calling API DESTROY on slot #4
API DESTROY Failed on slot #4: Resource Not Available
Calling API CREATE on slot #6
API CREATE Failed on slot #6: Resource Not Available
Calling API DESTROY on slot #7
API DESTROY Failed on slot #7: Resource Not Available
Calling API CREATE on slot #3
API CREATE Complete on slot #3
Calling API DESTROY on slot #6
API DESTROY Complete on slot #6
Calling API DESTROY on slot #7
API DESTROY Failed on slot #7: Resource Not Available
Calling API CREATE on slot #0
API CREATE Complete on slot #0
Calling API CREATE on slot #6
API CREATE Complete on slot #6
Calling API DESTROY on slot #5
API DESTROY Failed on slot #5: Resource Not Available
Calling API DESTROY on slot #0
API DESTROY Complete on slot #0
Calling API CREATE on slot #3
API CREATE Failed on slot #3: Resource Not Available
Calling API CREATE on slot #2
API CREATE Failed on slot #2: Resource Not Available
Calling API DESTROY on slot #5
API DESTROY Failed on slot #5: Resource Not Available
Calling API DESTROY on slot #6
API DESTROY Complete on slot #6
Calling API DESTROY on slot #2
API DESTROY Complete on slot #2
Calling API DESTROY on slot #7
API DESTROY Failed on slot #7: Resource Not Available
Calling API DESTROY on slot #4
API DESTROY Failed on slot #4: Resource Not Available
Calling API CREATE on slot #4
API CREATE Complete on slot #4
Calling API CREATE on slot #3
API CREATE Failed on slot #3: Resource Not Available
Calling API CREATE on slot #6
API CREATE Complete on slot #6
Calling API DESTROY on slot #1
API DESTROY Complete on slot #1
Calling API DESTROY on slot #3
API DESTROY Complete on slot #3
Calling API DESTROY on slot #3
API DESTROY Failed on slot #3: Resource Not Available
Joining Threads
Calling API DESTROY on slot #0
API DESTROY Failed on slot #0: Resource Not Available
Calling API DESTROY on slot #1
API DESTROY Failed on slot #1: Resource Not Available
Calling API DESTROY on slot #2
API DESTROY Failed on slot #2: Resource Not Available
Calling API DESTROY on slot #3
API DESTROY Failed on slot #3: Resource Not Available
Calling API DESTROY on slot #4
API DESTROY Complete on slot #4
Calling API DESTROY on slot #5
API DESTROY Failed on slot #5: Resource Not Available
Calling API DESTROY on slot #6
API DESTROY Complete on slot #6
Calling API DESTROY on slot #7
API DESTROY Failed on slot #7: Resource Not Available
==10037==
==10037== error calling PR_SET_PTRACER, vgdb might block
==10037==
==10037== HEAP SUMMARY:
==10037==     in use at exit: 0 bytes in 0 blocks
==10037==   total heap usage: 267 allocs, 267 frees, 151,592 bytes allocated
==10037==
==10037== All heap blocks were freed -- no leaks are possible
==10037==
==10037== For counts of detected and suppressed errors, rerun with: -v
==10037== ERROR SUMMARY: 0 errors from 0 contexts (suppressed: 0 from 0)