k-origins=full --max-threads=1024
==9494== Memcheck, a memory error detector
==9494== Copyright (C) 2002-2017, and GNU GPL'd, by Julian Seward et al.
==9494== Using Valgrind-3.13.0 and LibVEX; rerun with -h for copyright info
==9494== Command: ./app --tool=helgrind --track-origins=full --max-threads=1024
==9494==
==9494== error calling PR_SET_PTRACER, vgdb might block
Hello World::Helgrind Test
Creating Threads
Calling API DESTROY on slot #1
Calling API DESTROY on slot #0
API DESTROY Failed on slot #1: Resource Not Available
API DESTROY Failed on slot #0: Resource Not Available
Calling API CREATE on slot #Calling API CREATE on slot #1
Calling API DESTROY on slot #3
API CREATE Complete on slot #Calling API CREATE on slot #3
1
Calling API DESTROY on slot #1
Calling API DESTROY on slot #2
Joining Threads
API DESTROY Failed on slot #3: Resource Not Available
Calling API CREATE on slot #Calling API CREATE on slot #0
API CREATE Complete on slot #0
Calling API DESTROY on slot #Calling API CREATE on slot #2
API DESTROY Failed on slot #2: Resource Not Available
Calling API DESTROY on slot #0
API DESTROY Complete on slot #0
Calling API CREATE on slot #API CREATE Complete on slot #1
API CREATE Complete on slot #1
33
API CREATE Failed on slot #3: Resource Not Available
API DESTROY Failed on slot #32: Resource Not Available
3

Calling API DESTROY on slot #API CREATE Failed on slot #3: Resource Not Available
API DESTROY Complete on slot #Calling API CREATE on slot #1

API CREATE Failed on slot #3: Resource Not Available
30
API DESTROY Complete on slot #3

API CREATE Complete on slot #0
Calling API DESTROY on slot #0
API DESTROY Complete on slot #0
Calling API DESTROY on slot #1
API DESTROY Complete on slot #1
Calling API DESTROY on slot #2
API DESTROY Failed on slot #2: Resource Not Available
Calling API DESTROY on slot #3
API DESTROY Failed on slot #3: Resource Not Available
==9494==
==9494== HEAP SUMMARY:
==9494==     in use at exit: 0 bytes in 0 blocks
==9494==   total heap usage: 23 allocs, 23 frees, 82,216 bytes allocated
==9494==
==9494== All heap blocks were freed -- no leaks are possible
==9494==
==9494== For counts of detected and suppressed errors, rerun with: -v
==9494== ERROR SUMMARY: 0 errors from 0 contexts (suppressed: 0 from 0)